/usr/local/lib/python3.8/dist-packages/statsmodels/robust/robust_linear_model.py:288: ConvergenceWarning: Estimated scale is 0.0 indicating that the most last iteration produced a perfect fit of the weighted data.
  warnings.warn('Estimated scale is 0.0 indicating that the most'
/usr/local/lib/python3.8/dist-packages/statsmodels/robust/robust_linear_model.py:288: ConvergenceWarning: Estimated scale is 0.0 indicating that the most last iteration produced a perfect fit of the weighted data.
  warnings.warn('Estimated scale is 0.0 indicating that the most'
/usr/local/lib/python3.8/dist-packages/statsmodels/robust/robust_linear_model.py:288: ConvergenceWarning: Estimated scale is 0.0 indicating that the most last iteration produced a perfect fit of the weighted data.
  warnings.warn('Estimated scale is 0.0 indicating that the most'
/usr/local/lib/python3.8/dist-packages/statsmodels/robust/robust_linear_model.py:288: ConvergenceWarning: Estimated scale is 0.0 indicating that the most last iteration produced a perfect fit of the weighted data.
  warnings.warn('Estimated scale is 0.0 indicating that the most'
/usr/local/lib/python3.8/dist-packages/statsmodels/robust/robust_linear_model.py:288: ConvergenceWarning: Estimated scale is 0.0 indicating that the most last iteration produced a perfect fit of the weighted data.
  warnings.warn('Estimated scale is 0.0 indicating that the most'
/usr/local/lib/python3.8/dist-packages/statsmodels/robust/norms.py:205: RuntimeWarning: overflow encountered in square
  return (test * 0.5 * z**2 +
/usr/local/lib/python3.8/dist-packages/statsmodels/robust/norms.py:205: RuntimeWarning: invalid value encountered in multiply
  return (test * 0.5 * z**2 +
/usr/local/lib/python3.8/dist-packages/statsmodels/robust/robust_linear_model.py:288: ConvergenceWarning: Estimated scale is 0.0 indicating that the most last iteration produced a perfect fit of the weighted data.
  warnings.warn('Estimated scale is 0.0 indicating that the most'
/usr/local/lib/python3.8/dist-packages/statsmodels/robust/robust_linear_model.py:288: ConvergenceWarning: Estimated scale is 0.0 indicating that the most last iteration produced a perfect fit of the weighted data.
  warnings.warn('Estimated scale is 0.0 indicating that the most'
/usr/local/lib/python3.8/dist-packages/statsmodels/robust/robust_linear_model.py:288: ConvergenceWarning: Estimated scale is 0.0 indicating that the most last iteration produced a perfect fit of the weighted data.
  warnings.warn('Estimated scale is 0.0 indicating that the most'
/usr/local/lib/python3.8/dist-packages/statsmodels/robust/robust_linear_model.py:288: ConvergenceWarning: Estimated scale is 0.0 indicating that the most last iteration produced a perfect fit of the weighted data.
  warnings.warn('Estimated scale is 0.0 indicating that the most'
/usr/local/lib/python3.8/dist-packages/statsmodels/robust/robust_linear_model.py:288: ConvergenceWarning: Estimated scale is 0.0 indicating that the most last iteration produced a perfect fit of the weighted data.
  warnings.warn('Estimated scale is 0.0 indicating that the most'
/usr/local/lib/python3.8/dist-packages/statsmodels/robust/robust_linear_model.py:288: ConvergenceWarning: Estimated scale is 0.0 indicating that the most last iteration produced a perfect fit of the weighted data.
  warnings.warn('Estimated scale is 0.0 indicating that the most'
start: 2021-12-05 11:44:58.985871
finished: 2021-12-05 12:34:02.049909
