/usr/local/lib/python3.8/dist-packages/statsmodels/robust/robust_linear_model.py:288: ConvergenceWarning: Estimated scale is 0.0 indicating that the most last iteration produced a perfect fit of the weighted data.
  warnings.warn('Estimated scale is 0.0 indicating that the most'
/usr/local/lib/python3.8/dist-packages/statsmodels/robust/robust_linear_model.py:288: ConvergenceWarning: Estimated scale is 0.0 indicating that the most last iteration produced a perfect fit of the weighted data.
  warnings.warn('Estimated scale is 0.0 indicating that the most'
/usr/local/lib/python3.8/dist-packages/statsmodels/robust/robust_linear_model.py:288: ConvergenceWarning: Estimated scale is 0.0 indicating that the most last iteration produced a perfect fit of the weighted data.
  warnings.warn('Estimated scale is 0.0 indicating that the most'
/usr/local/lib/python3.8/dist-packages/statsmodels/robust/robust_linear_model.py:288: ConvergenceWarning: Estimated scale is 0.0 indicating that the most last iteration produced a perfect fit of the weighted data.
  warnings.warn('Estimated scale is 0.0 indicating that the most'
/usr/local/lib/python3.8/dist-packages/statsmodels/robust/robust_linear_model.py:288: ConvergenceWarning: Estimated scale is 0.0 indicating that the most last iteration produced a perfect fit of the weighted data.
  warnings.warn('Estimated scale is 0.0 indicating that the most'
/usr/local/lib/python3.8/dist-packages/statsmodels/robust/robust_linear_model.py:288: ConvergenceWarning: Estimated scale is 0.0 indicating that the most last iteration produced a perfect fit of the weighted data.
  warnings.warn('Estimated scale is 0.0 indicating that the most'
/usr/local/lib/python3.8/dist-packages/statsmodels/robust/robust_linear_model.py:288: ConvergenceWarning: Estimated scale is 0.0 indicating that the most last iteration produced a perfect fit of the weighted data.
  warnings.warn('Estimated scale is 0.0 indicating that the most'
/usr/local/lib/python3.8/dist-packages/statsmodels/robust/robust_linear_model.py:288: ConvergenceWarning: Estimated scale is 0.0 indicating that the most last iteration produced a perfect fit of the weighted data.
  warnings.warn('Estimated scale is 0.0 indicating that the most'
/usr/local/lib/python3.8/dist-packages/statsmodels/robust/robust_linear_model.py:288: ConvergenceWarning: Estimated scale is 0.0 indicating that the most last iteration produced a perfect fit of the weighted data.
  warnings.warn('Estimated scale is 0.0 indicating that the most'
/usr/local/lib/python3.8/dist-packages/statsmodels/robust/robust_linear_model.py:288: ConvergenceWarning: Estimated scale is 0.0 indicating that the most last iteration produced a perfect fit of the weighted data.
  warnings.warn('Estimated scale is 0.0 indicating that the most'
/usr/local/lib/python3.8/dist-packages/statsmodels/robust/robust_linear_model.py:288: ConvergenceWarning: Estimated scale is 0.0 indicating that the most last iteration produced a perfect fit of the weighted data.
  warnings.warn('Estimated scale is 0.0 indicating that the most'
/usr/local/lib/python3.8/dist-packages/statsmodels/robust/robust_linear_model.py:288: ConvergenceWarning: Estimated scale is 0.0 indicating that the most last iteration produced a perfect fit of the weighted data.
  warnings.warn('Estimated scale is 0.0 indicating that the most'
/usr/local/lib/python3.8/dist-packages/statsmodels/robust/robust_linear_model.py:288: ConvergenceWarning: Estimated scale is 0.0 indicating that the most last iteration produced a perfect fit of the weighted data.
  warnings.warn('Estimated scale is 0.0 indicating that the most'
/usr/local/lib/python3.8/dist-packages/statsmodels/robust/robust_linear_model.py:288: ConvergenceWarning: Estimated scale is 0.0 indicating that the most last iteration produced a perfect fit of the weighted data.
  warnings.warn('Estimated scale is 0.0 indicating that the most'
/usr/local/lib/python3.8/dist-packages/statsmodels/robust/robust_linear_model.py:288: ConvergenceWarning: Estimated scale is 0.0 indicating that the most last iteration produced a perfect fit of the weighted data.
  warnings.warn('Estimated scale is 0.0 indicating that the most'
/usr/local/lib/python3.8/dist-packages/statsmodels/robust/robust_linear_model.py:288: ConvergenceWarning: Estimated scale is 0.0 indicating that the most last iteration produced a perfect fit of the weighted data.
  warnings.warn('Estimated scale is 0.0 indicating that the most'
/usr/local/lib/python3.8/dist-packages/statsmodels/robust/robust_linear_model.py:288: ConvergenceWarning: Estimated scale is 0.0 indicating that the most last iteration produced a perfect fit of the weighted data.
  warnings.warn('Estimated scale is 0.0 indicating that the most'
/usr/local/lib/python3.8/dist-packages/statsmodels/robust/robust_linear_model.py:288: ConvergenceWarning: Estimated scale is 0.0 indicating that the most last iteration produced a perfect fit of the weighted data.
  warnings.warn('Estimated scale is 0.0 indicating that the most'
/usr/local/lib/python3.8/dist-packages/statsmodels/robust/robust_linear_model.py:288: ConvergenceWarning: Estimated scale is 0.0 indicating that the most last iteration produced a perfect fit of the weighted data.
  warnings.warn('Estimated scale is 0.0 indicating that the most'
/usr/local/lib/python3.8/dist-packages/statsmodels/robust/robust_linear_model.py:288: ConvergenceWarning: Estimated scale is 0.0 indicating that the most last iteration produced a perfect fit of the weighted data.
  warnings.warn('Estimated scale is 0.0 indicating that the most'
/usr/local/lib/python3.8/dist-packages/statsmodels/robust/robust_linear_model.py:288: ConvergenceWarning: Estimated scale is 0.0 indicating that the most last iteration produced a perfect fit of the weighted data.
  warnings.warn('Estimated scale is 0.0 indicating that the most'
/usr/local/lib/python3.8/dist-packages/statsmodels/robust/robust_linear_model.py:288: ConvergenceWarning: Estimated scale is 0.0 indicating that the most last iteration produced a perfect fit of the weighted data.
  warnings.warn('Estimated scale is 0.0 indicating that the most'
/usr/local/lib/python3.8/dist-packages/statsmodels/robust/robust_linear_model.py:288: ConvergenceWarning: Estimated scale is 0.0 indicating that the most last iteration produced a perfect fit of the weighted data.
  warnings.warn('Estimated scale is 0.0 indicating that the most'
/usr/local/lib/python3.8/dist-packages/statsmodels/robust/robust_linear_model.py:288: ConvergenceWarning: Estimated scale is 0.0 indicating that the most last iteration produced a perfect fit of the weighted data.
  warnings.warn('Estimated scale is 0.0 indicating that the most'
/usr/local/lib/python3.8/dist-packages/statsmodels/robust/robust_linear_model.py:288: ConvergenceWarning: Estimated scale is 0.0 indicating that the most last iteration produced a perfect fit of the weighted data.
  warnings.warn('Estimated scale is 0.0 indicating that the most'
/usr/local/lib/python3.8/dist-packages/statsmodels/robust/robust_linear_model.py:288: ConvergenceWarning: Estimated scale is 0.0 indicating that the most last iteration produced a perfect fit of the weighted data.
  warnings.warn('Estimated scale is 0.0 indicating that the most'
/usr/local/lib/python3.8/dist-packages/statsmodels/robust/robust_linear_model.py:288: ConvergenceWarning: Estimated scale is 0.0 indicating that the most last iteration produced a perfect fit of the weighted data.
  warnings.warn('Estimated scale is 0.0 indicating that the most'
/usr/local/lib/python3.8/dist-packages/statsmodels/robust/robust_linear_model.py:288: ConvergenceWarning: Estimated scale is 0.0 indicating that the most last iteration produced a perfect fit of the weighted data.
  warnings.warn('Estimated scale is 0.0 indicating that the most'
/usr/local/lib/python3.8/dist-packages/statsmodels/robust/robust_linear_model.py:288: ConvergenceWarning: Estimated scale is 0.0 indicating that the most last iteration produced a perfect fit of the weighted data.
  warnings.warn('Estimated scale is 0.0 indicating that the most'
/usr/local/lib/python3.8/dist-packages/statsmodels/robust/robust_linear_model.py:288: ConvergenceWarning: Estimated scale is 0.0 indicating that the most last iteration produced a perfect fit of the weighted data.
  warnings.warn('Estimated scale is 0.0 indicating that the most'
/usr/local/lib/python3.8/dist-packages/statsmodels/robust/robust_linear_model.py:288: ConvergenceWarning: Estimated scale is 0.0 indicating that the most last iteration produced a perfect fit of the weighted data.
  warnings.warn('Estimated scale is 0.0 indicating that the most'
/usr/local/lib/python3.8/dist-packages/statsmodels/robust/robust_linear_model.py:288: ConvergenceWarning: Estimated scale is 0.0 indicating that the most last iteration produced a perfect fit of the weighted data.
  warnings.warn('Estimated scale is 0.0 indicating that the most'
/usr/local/lib/python3.8/dist-packages/statsmodels/robust/robust_linear_model.py:288: ConvergenceWarning: Estimated scale is 0.0 indicating that the most last iteration produced a perfect fit of the weighted data.
  warnings.warn('Estimated scale is 0.0 indicating that the most'
/usr/local/lib/python3.8/dist-packages/statsmodels/robust/robust_linear_model.py:288: ConvergenceWarning: Estimated scale is 0.0 indicating that the most last iteration produced a perfect fit of the weighted data.
  warnings.warn('Estimated scale is 0.0 indicating that the most'
/usr/local/lib/python3.8/dist-packages/statsmodels/robust/robust_linear_model.py:288: ConvergenceWarning: Estimated scale is 0.0 indicating that the most last iteration produced a perfect fit of the weighted data.
  warnings.warn('Estimated scale is 0.0 indicating that the most'
/usr/local/lib/python3.8/dist-packages/statsmodels/robust/robust_linear_model.py:288: ConvergenceWarning: Estimated scale is 0.0 indicating that the most last iteration produced a perfect fit of the weighted data.
  warnings.warn('Estimated scale is 0.0 indicating that the most'
/usr/local/lib/python3.8/dist-packages/statsmodels/robust/robust_linear_model.py:288: ConvergenceWarning: Estimated scale is 0.0 indicating that the most last iteration produced a perfect fit of the weighted data.
  warnings.warn('Estimated scale is 0.0 indicating that the most'
/usr/local/lib/python3.8/dist-packages/statsmodels/robust/robust_linear_model.py:288: ConvergenceWarning: Estimated scale is 0.0 indicating that the most last iteration produced a perfect fit of the weighted data.
  warnings.warn('Estimated scale is 0.0 indicating that the most'
/usr/local/lib/python3.8/dist-packages/statsmodels/robust/robust_linear_model.py:288: ConvergenceWarning: Estimated scale is 0.0 indicating that the most last iteration produced a perfect fit of the weighted data.
  warnings.warn('Estimated scale is 0.0 indicating that the most'
/usr/local/lib/python3.8/dist-packages/statsmodels/robust/robust_linear_model.py:288: ConvergenceWarning: Estimated scale is 0.0 indicating that the most last iteration produced a perfect fit of the weighted data.
  warnings.warn('Estimated scale is 0.0 indicating that the most'
/usr/local/lib/python3.8/dist-packages/statsmodels/robust/robust_linear_model.py:288: ConvergenceWarning: Estimated scale is 0.0 indicating that the most last iteration produced a perfect fit of the weighted data.
  warnings.warn('Estimated scale is 0.0 indicating that the most'
/usr/local/lib/python3.8/dist-packages/statsmodels/robust/robust_linear_model.py:288: ConvergenceWarning: Estimated scale is 0.0 indicating that the most last iteration produced a perfect fit of the weighted data.
  warnings.warn('Estimated scale is 0.0 indicating that the most'
/usr/local/lib/python3.8/dist-packages/statsmodels/robust/robust_linear_model.py:288: ConvergenceWarning: Estimated scale is 0.0 indicating that the most last iteration produced a perfect fit of the weighted data.
  warnings.warn('Estimated scale is 0.0 indicating that the most'
/usr/local/lib/python3.8/dist-packages/statsmodels/robust/robust_linear_model.py:288: ConvergenceWarning: Estimated scale is 0.0 indicating that the most last iteration produced a perfect fit of the weighted data.
  warnings.warn('Estimated scale is 0.0 indicating that the most'
/usr/local/lib/python3.8/dist-packages/statsmodels/robust/robust_linear_model.py:288: ConvergenceWarning: Estimated scale is 0.0 indicating that the most last iteration produced a perfect fit of the weighted data.
  warnings.warn('Estimated scale is 0.0 indicating that the most'
/usr/local/lib/python3.8/dist-packages/statsmodels/robust/robust_linear_model.py:288: ConvergenceWarning: Estimated scale is 0.0 indicating that the most last iteration produced a perfect fit of the weighted data.
  warnings.warn('Estimated scale is 0.0 indicating that the most'
/usr/local/lib/python3.8/dist-packages/statsmodels/robust/robust_linear_model.py:288: ConvergenceWarning: Estimated scale is 0.0 indicating that the most last iteration produced a perfect fit of the weighted data.
  warnings.warn('Estimated scale is 0.0 indicating that the most'
/usr/local/lib/python3.8/dist-packages/statsmodels/robust/robust_linear_model.py:288: ConvergenceWarning: Estimated scale is 0.0 indicating that the most last iteration produced a perfect fit of the weighted data.
  warnings.warn('Estimated scale is 0.0 indicating that the most'
/usr/local/lib/python3.8/dist-packages/statsmodels/robust/robust_linear_model.py:288: ConvergenceWarning: Estimated scale is 0.0 indicating that the most last iteration produced a perfect fit of the weighted data.
  warnings.warn('Estimated scale is 0.0 indicating that the most'
/usr/local/lib/python3.8/dist-packages/statsmodels/robust/robust_linear_model.py:288: ConvergenceWarning: Estimated scale is 0.0 indicating that the most last iteration produced a perfect fit of the weighted data.
  warnings.warn('Estimated scale is 0.0 indicating that the most'
/usr/local/lib/python3.8/dist-packages/statsmodels/robust/robust_linear_model.py:288: ConvergenceWarning: Estimated scale is 0.0 indicating that the most last iteration produced a perfect fit of the weighted data.
  warnings.warn('Estimated scale is 0.0 indicating that the most'
/usr/local/lib/python3.8/dist-packages/statsmodels/robust/robust_linear_model.py:288: ConvergenceWarning: Estimated scale is 0.0 indicating that the most last iteration produced a perfect fit of the weighted data.
  warnings.warn('Estimated scale is 0.0 indicating that the most'
/usr/local/lib/python3.8/dist-packages/statsmodels/robust/robust_linear_model.py:288: ConvergenceWarning: Estimated scale is 0.0 indicating that the most last iteration produced a perfect fit of the weighted data.
  warnings.warn('Estimated scale is 0.0 indicating that the most'
/usr/local/lib/python3.8/dist-packages/statsmodels/robust/robust_linear_model.py:288: ConvergenceWarning: Estimated scale is 0.0 indicating that the most last iteration produced a perfect fit of the weighted data.
  warnings.warn('Estimated scale is 0.0 indicating that the most'
/usr/local/lib/python3.8/dist-packages/statsmodels/robust/robust_linear_model.py:288: ConvergenceWarning: Estimated scale is 0.0 indicating that the most last iteration produced a perfect fit of the weighted data.
  warnings.warn('Estimated scale is 0.0 indicating that the most'
/usr/local/lib/python3.8/dist-packages/statsmodels/robust/robust_linear_model.py:288: ConvergenceWarning: Estimated scale is 0.0 indicating that the most last iteration produced a perfect fit of the weighted data.
  warnings.warn('Estimated scale is 0.0 indicating that the most'
/usr/local/lib/python3.8/dist-packages/statsmodels/robust/robust_linear_model.py:288: ConvergenceWarning: Estimated scale is 0.0 indicating that the most last iteration produced a perfect fit of the weighted data.
  warnings.warn('Estimated scale is 0.0 indicating that the most'
/usr/local/lib/python3.8/dist-packages/statsmodels/robust/robust_linear_model.py:288: ConvergenceWarning: Estimated scale is 0.0 indicating that the most last iteration produced a perfect fit of the weighted data.
  warnings.warn('Estimated scale is 0.0 indicating that the most'
/usr/local/lib/python3.8/dist-packages/statsmodels/robust/robust_linear_model.py:288: ConvergenceWarning: Estimated scale is 0.0 indicating that the most last iteration produced a perfect fit of the weighted data.
  warnings.warn('Estimated scale is 0.0 indicating that the most'
/usr/local/lib/python3.8/dist-packages/statsmodels/robust/robust_linear_model.py:288: ConvergenceWarning: Estimated scale is 0.0 indicating that the most last iteration produced a perfect fit of the weighted data.
  warnings.warn('Estimated scale is 0.0 indicating that the most'
/usr/local/lib/python3.8/dist-packages/statsmodels/robust/robust_linear_model.py:288: ConvergenceWarning: Estimated scale is 0.0 indicating that the most last iteration produced a perfect fit of the weighted data.
  warnings.warn('Estimated scale is 0.0 indicating that the most'
/usr/local/lib/python3.8/dist-packages/statsmodels/robust/robust_linear_model.py:288: ConvergenceWarning: Estimated scale is 0.0 indicating that the most last iteration produced a perfect fit of the weighted data.
  warnings.warn('Estimated scale is 0.0 indicating that the most'
/usr/local/lib/python3.8/dist-packages/statsmodels/robust/robust_linear_model.py:288: ConvergenceWarning: Estimated scale is 0.0 indicating that the most last iteration produced a perfect fit of the weighted data.
  warnings.warn('Estimated scale is 0.0 indicating that the most'
/usr/local/lib/python3.8/dist-packages/statsmodels/robust/norms.py:205: RuntimeWarning: overflow encountered in square
  return (test * 0.5 * z**2 +
start: 2021-12-03 19:48:23.122190
No anomaly timestamp detected!:  20210719_173000_SockShopPerformance
finished: 2021-12-03 20:29:23.860770
