/usr/local/lib/python3.8/dist-packages/statsmodels/robust/robust_linear_model.py:288: ConvergenceWarning: Estimated scale is 0.0 indicating that the most last iteration produced a perfect fit of the weighted data.
  warnings.warn('Estimated scale is 0.0 indicating that the most'
/usr/local/lib/python3.8/dist-packages/statsmodels/robust/robust_linear_model.py:288: ConvergenceWarning: Estimated scale is 0.0 indicating that the most last iteration produced a perfect fit of the weighted data.
  warnings.warn('Estimated scale is 0.0 indicating that the most'
/usr/local/lib/python3.8/dist-packages/statsmodels/robust/robust_linear_model.py:288: ConvergenceWarning: Estimated scale is 0.0 indicating that the most last iteration produced a perfect fit of the weighted data.
  warnings.warn('Estimated scale is 0.0 indicating that the most'
/usr/local/lib/python3.8/dist-packages/statsmodels/robust/robust_linear_model.py:288: ConvergenceWarning: Estimated scale is 0.0 indicating that the most last iteration produced a perfect fit of the weighted data.
  warnings.warn('Estimated scale is 0.0 indicating that the most'
/usr/local/lib/python3.8/dist-packages/statsmodels/robust/robust_linear_model.py:288: ConvergenceWarning: Estimated scale is 0.0 indicating that the most last iteration produced a perfect fit of the weighted data.
  warnings.warn('Estimated scale is 0.0 indicating that the most'
/usr/local/lib/python3.8/dist-packages/statsmodels/robust/robust_linear_model.py:288: ConvergenceWarning: Estimated scale is 0.0 indicating that the most last iteration produced a perfect fit of the weighted data.
  warnings.warn('Estimated scale is 0.0 indicating that the most'
/usr/local/lib/python3.8/dist-packages/statsmodels/robust/robust_linear_model.py:288: ConvergenceWarning: Estimated scale is 0.0 indicating that the most last iteration produced a perfect fit of the weighted data.
  warnings.warn('Estimated scale is 0.0 indicating that the most'
/usr/local/lib/python3.8/dist-packages/statsmodels/robust/robust_linear_model.py:288: ConvergenceWarning: Estimated scale is 0.0 indicating that the most last iteration produced a perfect fit of the weighted data.
  warnings.warn('Estimated scale is 0.0 indicating that the most'
/usr/local/lib/python3.8/dist-packages/statsmodels/robust/robust_linear_model.py:288: ConvergenceWarning: Estimated scale is 0.0 indicating that the most last iteration produced a perfect fit of the weighted data.
  warnings.warn('Estimated scale is 0.0 indicating that the most'
/usr/local/lib/python3.8/dist-packages/statsmodels/robust/robust_linear_model.py:288: ConvergenceWarning: Estimated scale is 0.0 indicating that the most last iteration produced a perfect fit of the weighted data.
  warnings.warn('Estimated scale is 0.0 indicating that the most'
/usr/local/lib/python3.8/dist-packages/statsmodels/robust/robust_linear_model.py:288: ConvergenceWarning: Estimated scale is 0.0 indicating that the most last iteration produced a perfect fit of the weighted data.
  warnings.warn('Estimated scale is 0.0 indicating that the most'
/usr/local/lib/python3.8/dist-packages/statsmodels/robust/robust_linear_model.py:288: ConvergenceWarning: Estimated scale is 0.0 indicating that the most last iteration produced a perfect fit of the weighted data.
  warnings.warn('Estimated scale is 0.0 indicating that the most'
/usr/local/lib/python3.8/dist-packages/statsmodels/robust/robust_linear_model.py:288: ConvergenceWarning: Estimated scale is 0.0 indicating that the most last iteration produced a perfect fit of the weighted data.
  warnings.warn('Estimated scale is 0.0 indicating that the most'
/usr/local/lib/python3.8/dist-packages/statsmodels/robust/robust_linear_model.py:288: ConvergenceWarning: Estimated scale is 0.0 indicating that the most last iteration produced a perfect fit of the weighted data.
  warnings.warn('Estimated scale is 0.0 indicating that the most'
/usr/local/lib/python3.8/dist-packages/statsmodels/robust/robust_linear_model.py:288: ConvergenceWarning: Estimated scale is 0.0 indicating that the most last iteration produced a perfect fit of the weighted data.
  warnings.warn('Estimated scale is 0.0 indicating that the most'
/usr/local/lib/python3.8/dist-packages/statsmodels/robust/robust_linear_model.py:288: ConvergenceWarning: Estimated scale is 0.0 indicating that the most last iteration produced a perfect fit of the weighted data.
  warnings.warn('Estimated scale is 0.0 indicating that the most'
/usr/local/lib/python3.8/dist-packages/statsmodels/robust/robust_linear_model.py:288: ConvergenceWarning: Estimated scale is 0.0 indicating that the most last iteration produced a perfect fit of the weighted data.
  warnings.warn('Estimated scale is 0.0 indicating that the most'
/usr/local/lib/python3.8/dist-packages/statsmodels/robust/robust_linear_model.py:288: ConvergenceWarning: Estimated scale is 0.0 indicating that the most last iteration produced a perfect fit of the weighted data.
  warnings.warn('Estimated scale is 0.0 indicating that the most'
/usr/local/lib/python3.8/dist-packages/statsmodels/robust/robust_linear_model.py:288: ConvergenceWarning: Estimated scale is 0.0 indicating that the most last iteration produced a perfect fit of the weighted data.
  warnings.warn('Estimated scale is 0.0 indicating that the most'
/usr/local/lib/python3.8/dist-packages/statsmodels/robust/robust_linear_model.py:288: ConvergenceWarning: Estimated scale is 0.0 indicating that the most last iteration produced a perfect fit of the weighted data.
  warnings.warn('Estimated scale is 0.0 indicating that the most'
/usr/local/lib/python3.8/dist-packages/statsmodels/robust/robust_linear_model.py:288: ConvergenceWarning: Estimated scale is 0.0 indicating that the most last iteration produced a perfect fit of the weighted data.
  warnings.warn('Estimated scale is 0.0 indicating that the most'
/usr/local/lib/python3.8/dist-packages/statsmodels/robust/robust_linear_model.py:288: ConvergenceWarning: Estimated scale is 0.0 indicating that the most last iteration produced a perfect fit of the weighted data.
  warnings.warn('Estimated scale is 0.0 indicating that the most'
/usr/local/lib/python3.8/dist-packages/statsmodels/robust/robust_linear_model.py:288: ConvergenceWarning: Estimated scale is 0.0 indicating that the most last iteration produced a perfect fit of the weighted data.
  warnings.warn('Estimated scale is 0.0 indicating that the most'
/usr/local/lib/python3.8/dist-packages/statsmodels/robust/robust_linear_model.py:288: ConvergenceWarning: Estimated scale is 0.0 indicating that the most last iteration produced a perfect fit of the weighted data.
  warnings.warn('Estimated scale is 0.0 indicating that the most'
/usr/local/lib/python3.8/dist-packages/statsmodels/robust/robust_linear_model.py:288: ConvergenceWarning: Estimated scale is 0.0 indicating that the most last iteration produced a perfect fit of the weighted data.
  warnings.warn('Estimated scale is 0.0 indicating that the most'
/usr/local/lib/python3.8/dist-packages/statsmodels/robust/robust_linear_model.py:288: ConvergenceWarning: Estimated scale is 0.0 indicating that the most last iteration produced a perfect fit of the weighted data.
  warnings.warn('Estimated scale is 0.0 indicating that the most'
/usr/local/lib/python3.8/dist-packages/statsmodels/robust/robust_linear_model.py:288: ConvergenceWarning: Estimated scale is 0.0 indicating that the most last iteration produced a perfect fit of the weighted data.
  warnings.warn('Estimated scale is 0.0 indicating that the most'
/usr/local/lib/python3.8/dist-packages/statsmodels/robust/robust_linear_model.py:288: ConvergenceWarning: Estimated scale is 0.0 indicating that the most last iteration produced a perfect fit of the weighted data.
  warnings.warn('Estimated scale is 0.0 indicating that the most'
/usr/local/lib/python3.8/dist-packages/statsmodels/robust/robust_linear_model.py:288: ConvergenceWarning: Estimated scale is 0.0 indicating that the most last iteration produced a perfect fit of the weighted data.
  warnings.warn('Estimated scale is 0.0 indicating that the most'
/usr/local/lib/python3.8/dist-packages/statsmodels/robust/robust_linear_model.py:288: ConvergenceWarning: Estimated scale is 0.0 indicating that the most last iteration produced a perfect fit of the weighted data.
  warnings.warn('Estimated scale is 0.0 indicating that the most'
/usr/local/lib/python3.8/dist-packages/statsmodels/robust/robust_linear_model.py:288: ConvergenceWarning: Estimated scale is 0.0 indicating that the most last iteration produced a perfect fit of the weighted data.
  warnings.warn('Estimated scale is 0.0 indicating that the most'
/usr/local/lib/python3.8/dist-packages/statsmodels/robust/robust_linear_model.py:288: ConvergenceWarning: Estimated scale is 0.0 indicating that the most last iteration produced a perfect fit of the weighted data.
  warnings.warn('Estimated scale is 0.0 indicating that the most'
/usr/local/lib/python3.8/dist-packages/statsmodels/robust/robust_linear_model.py:288: ConvergenceWarning: Estimated scale is 0.0 indicating that the most last iteration produced a perfect fit of the weighted data.
  warnings.warn('Estimated scale is 0.0 indicating that the most'
/usr/local/lib/python3.8/dist-packages/statsmodels/robust/robust_linear_model.py:288: ConvergenceWarning: Estimated scale is 0.0 indicating that the most last iteration produced a perfect fit of the weighted data.
  warnings.warn('Estimated scale is 0.0 indicating that the most'
/usr/local/lib/python3.8/dist-packages/statsmodels/robust/robust_linear_model.py:288: ConvergenceWarning: Estimated scale is 0.0 indicating that the most last iteration produced a perfect fit of the weighted data.
  warnings.warn('Estimated scale is 0.0 indicating that the most'
/usr/local/lib/python3.8/dist-packages/statsmodels/robust/robust_linear_model.py:288: ConvergenceWarning: Estimated scale is 0.0 indicating that the most last iteration produced a perfect fit of the weighted data.
  warnings.warn('Estimated scale is 0.0 indicating that the most'
/usr/local/lib/python3.8/dist-packages/statsmodels/robust/robust_linear_model.py:288: ConvergenceWarning: Estimated scale is 0.0 indicating that the most last iteration produced a perfect fit of the weighted data.
  warnings.warn('Estimated scale is 0.0 indicating that the most'
/usr/local/lib/python3.8/dist-packages/statsmodels/robust/robust_linear_model.py:288: ConvergenceWarning: Estimated scale is 0.0 indicating that the most last iteration produced a perfect fit of the weighted data.
  warnings.warn('Estimated scale is 0.0 indicating that the most'
/usr/local/lib/python3.8/dist-packages/statsmodels/robust/robust_linear_model.py:288: ConvergenceWarning: Estimated scale is 0.0 indicating that the most last iteration produced a perfect fit of the weighted data.
  warnings.warn('Estimated scale is 0.0 indicating that the most'
/usr/local/lib/python3.8/dist-packages/statsmodels/robust/robust_linear_model.py:288: ConvergenceWarning: Estimated scale is 0.0 indicating that the most last iteration produced a perfect fit of the weighted data.
  warnings.warn('Estimated scale is 0.0 indicating that the most'
/usr/local/lib/python3.8/dist-packages/statsmodels/robust/robust_linear_model.py:288: ConvergenceWarning: Estimated scale is 0.0 indicating that the most last iteration produced a perfect fit of the weighted data.
  warnings.warn('Estimated scale is 0.0 indicating that the most'
/usr/local/lib/python3.8/dist-packages/statsmodels/robust/robust_linear_model.py:288: ConvergenceWarning: Estimated scale is 0.0 indicating that the most last iteration produced a perfect fit of the weighted data.
  warnings.warn('Estimated scale is 0.0 indicating that the most'
/usr/local/lib/python3.8/dist-packages/statsmodels/robust/robust_linear_model.py:288: ConvergenceWarning: Estimated scale is 0.0 indicating that the most last iteration produced a perfect fit of the weighted data.
  warnings.warn('Estimated scale is 0.0 indicating that the most'
/usr/local/lib/python3.8/dist-packages/statsmodels/robust/robust_linear_model.py:288: ConvergenceWarning: Estimated scale is 0.0 indicating that the most last iteration produced a perfect fit of the weighted data.
  warnings.warn('Estimated scale is 0.0 indicating that the most'
/usr/local/lib/python3.8/dist-packages/statsmodels/robust/robust_linear_model.py:288: ConvergenceWarning: Estimated scale is 0.0 indicating that the most last iteration produced a perfect fit of the weighted data.
  warnings.warn('Estimated scale is 0.0 indicating that the most'
/usr/local/lib/python3.8/dist-packages/statsmodels/robust/robust_linear_model.py:288: ConvergenceWarning: Estimated scale is 0.0 indicating that the most last iteration produced a perfect fit of the weighted data.
  warnings.warn('Estimated scale is 0.0 indicating that the most'
/usr/local/lib/python3.8/dist-packages/statsmodels/robust/robust_linear_model.py:288: ConvergenceWarning: Estimated scale is 0.0 indicating that the most last iteration produced a perfect fit of the weighted data.
  warnings.warn('Estimated scale is 0.0 indicating that the most'
/usr/local/lib/python3.8/dist-packages/statsmodels/robust/robust_linear_model.py:288: ConvergenceWarning: Estimated scale is 0.0 indicating that the most last iteration produced a perfect fit of the weighted data.
  warnings.warn('Estimated scale is 0.0 indicating that the most'
/usr/local/lib/python3.8/dist-packages/statsmodels/robust/robust_linear_model.py:288: ConvergenceWarning: Estimated scale is 0.0 indicating that the most last iteration produced a perfect fit of the weighted data.
  warnings.warn('Estimated scale is 0.0 indicating that the most'
/usr/local/lib/python3.8/dist-packages/statsmodels/robust/robust_linear_model.py:288: ConvergenceWarning: Estimated scale is 0.0 indicating that the most last iteration produced a perfect fit of the weighted data.
  warnings.warn('Estimated scale is 0.0 indicating that the most'
/usr/local/lib/python3.8/dist-packages/statsmodels/robust/robust_linear_model.py:288: ConvergenceWarning: Estimated scale is 0.0 indicating that the most last iteration produced a perfect fit of the weighted data.
  warnings.warn('Estimated scale is 0.0 indicating that the most'
/usr/local/lib/python3.8/dist-packages/statsmodels/robust/robust_linear_model.py:288: ConvergenceWarning: Estimated scale is 0.0 indicating that the most last iteration produced a perfect fit of the weighted data.
  warnings.warn('Estimated scale is 0.0 indicating that the most'
/usr/local/lib/python3.8/dist-packages/statsmodels/robust/robust_linear_model.py:288: ConvergenceWarning: Estimated scale is 0.0 indicating that the most last iteration produced a perfect fit of the weighted data.
  warnings.warn('Estimated scale is 0.0 indicating that the most'
/usr/local/lib/python3.8/dist-packages/statsmodels/robust/robust_linear_model.py:288: ConvergenceWarning: Estimated scale is 0.0 indicating that the most last iteration produced a perfect fit of the weighted data.
  warnings.warn('Estimated scale is 0.0 indicating that the most'
/usr/local/lib/python3.8/dist-packages/statsmodels/robust/robust_linear_model.py:288: ConvergenceWarning: Estimated scale is 0.0 indicating that the most last iteration produced a perfect fit of the weighted data.
  warnings.warn('Estimated scale is 0.0 indicating that the most'
/usr/local/lib/python3.8/dist-packages/statsmodels/robust/robust_linear_model.py:288: ConvergenceWarning: Estimated scale is 0.0 indicating that the most last iteration produced a perfect fit of the weighted data.
  warnings.warn('Estimated scale is 0.0 indicating that the most'
/usr/local/lib/python3.8/dist-packages/statsmodels/robust/robust_linear_model.py:288: ConvergenceWarning: Estimated scale is 0.0 indicating that the most last iteration produced a perfect fit of the weighted data.
  warnings.warn('Estimated scale is 0.0 indicating that the most'
/usr/local/lib/python3.8/dist-packages/statsmodels/robust/robust_linear_model.py:288: ConvergenceWarning: Estimated scale is 0.0 indicating that the most last iteration produced a perfect fit of the weighted data.
  warnings.warn('Estimated scale is 0.0 indicating that the most'
/usr/local/lib/python3.8/dist-packages/statsmodels/robust/robust_linear_model.py:288: ConvergenceWarning: Estimated scale is 0.0 indicating that the most last iteration produced a perfect fit of the weighted data.
  warnings.warn('Estimated scale is 0.0 indicating that the most'
/usr/local/lib/python3.8/dist-packages/statsmodels/robust/robust_linear_model.py:288: ConvergenceWarning: Estimated scale is 0.0 indicating that the most last iteration produced a perfect fit of the weighted data.
  warnings.warn('Estimated scale is 0.0 indicating that the most'
/usr/local/lib/python3.8/dist-packages/statsmodels/robust/robust_linear_model.py:288: ConvergenceWarning: Estimated scale is 0.0 indicating that the most last iteration produced a perfect fit of the weighted data.
  warnings.warn('Estimated scale is 0.0 indicating that the most'
/usr/local/lib/python3.8/dist-packages/statsmodels/robust/robust_linear_model.py:288: ConvergenceWarning: Estimated scale is 0.0 indicating that the most last iteration produced a perfect fit of the weighted data.
  warnings.warn('Estimated scale is 0.0 indicating that the most'
/usr/local/lib/python3.8/dist-packages/statsmodels/robust/robust_linear_model.py:288: ConvergenceWarning: Estimated scale is 0.0 indicating that the most last iteration produced a perfect fit of the weighted data.
  warnings.warn('Estimated scale is 0.0 indicating that the most'
/usr/local/lib/python3.8/dist-packages/statsmodels/robust/robust_linear_model.py:288: ConvergenceWarning: Estimated scale is 0.0 indicating that the most last iteration produced a perfect fit of the weighted data.
  warnings.warn('Estimated scale is 0.0 indicating that the most'
/usr/local/lib/python3.8/dist-packages/statsmodels/robust/robust_linear_model.py:288: ConvergenceWarning: Estimated scale is 0.0 indicating that the most last iteration produced a perfect fit of the weighted data.
  warnings.warn('Estimated scale is 0.0 indicating that the most'
/usr/local/lib/python3.8/dist-packages/statsmodels/robust/robust_linear_model.py:288: ConvergenceWarning: Estimated scale is 0.0 indicating that the most last iteration produced a perfect fit of the weighted data.
  warnings.warn('Estimated scale is 0.0 indicating that the most'
/usr/local/lib/python3.8/dist-packages/statsmodels/robust/robust_linear_model.py:288: ConvergenceWarning: Estimated scale is 0.0 indicating that the most last iteration produced a perfect fit of the weighted data.
  warnings.warn('Estimated scale is 0.0 indicating that the most'
/usr/local/lib/python3.8/dist-packages/statsmodels/robust/robust_linear_model.py:288: ConvergenceWarning: Estimated scale is 0.0 indicating that the most last iteration produced a perfect fit of the weighted data.
  warnings.warn('Estimated scale is 0.0 indicating that the most'
/usr/local/lib/python3.8/dist-packages/statsmodels/robust/norms.py:205: RuntimeWarning: overflow encountered in square
  return (test * 0.5 * z**2 +
/usr/local/lib/python3.8/dist-packages/statsmodels/robust/robust_linear_model.py:288: ConvergenceWarning: Estimated scale is 0.0 indicating that the most last iteration produced a perfect fit of the weighted data.
  warnings.warn('Estimated scale is 0.0 indicating that the most'
start: 2021-12-05 14:51:41.220930
finished: 2021-12-05 15:37:12.625487
